0 info it worked if it ends with ok
1 verbose cli [ '/usr/bin/node', '/usr/bin/npm', 'run', 'demo' ]
2 info using npm@3.10.10
3 info using node@v6.10.3
4 verbose run-script [ 'predemo', 'demo', 'postdemo' ]
5 info lifecycle uda-rup@3.1.0~predemo: uda-rup@3.1.0
6 silly lifecycle uda-rup@3.1.0~predemo: no script for predemo, continuing
7 info lifecycle uda-rup@3.1.0~demo: uda-rup@3.1.0
8 verbose lifecycle uda-rup@3.1.0~demo: unsafe-perm in lifecycle true
9 verbose lifecycle uda-rup@3.1.0~demo: PATH: /usr/lib/node_modules/npm/bin/node-gyp-bin:/home/enzamora/workspace/uda/udaRUP/node_modules/.bin:/usr/lib64/qt-3.3/bin:/usr/local/bin:/usr/bin:/bin:/usr/local/sbin:/usr/sbin:/home/enzamora/.local/bin:/home/enzamora/bin:/opt/jre/bin:/opt/maven/bin
10 verbose lifecycle uda-rup@3.1.0~demo: CWD: /home/enzamora/workspace/uda/udaRUP
11 silly lifecycle uda-rup@3.1.0~demo: Args: [ '-c', 'webpack --config=./demo/webpack.config.js' ]
12 silly lifecycle uda-rup@3.1.0~demo: Returned: code: 2  signal: null
13 info lifecycle uda-rup@3.1.0~demo: Failed to exec demo script
14 verbose stack Error: uda-rup@3.1.0 demo: `webpack --config=./demo/webpack.config.js`
14 verbose stack Exit status 2
14 verbose stack     at EventEmitter.<anonymous> (/usr/lib/node_modules/npm/lib/utils/lifecycle.js:255:16)
14 verbose stack     at emitTwo (events.js:106:13)
14 verbose stack     at EventEmitter.emit (events.js:191:7)
14 verbose stack     at ChildProcess.<anonymous> (/usr/lib/node_modules/npm/lib/utils/spawn.js:40:14)
14 verbose stack     at emitTwo (events.js:106:13)
14 verbose stack     at ChildProcess.emit (events.js:191:7)
14 verbose stack     at maybeClose (internal/child_process.js:886:16)
14 verbose stack     at Process.ChildProcess._handle.onexit (internal/child_process.js:226:5)
15 verbose pkgid uda-rup@3.1.0
16 verbose cwd /home/enzamora/workspace/uda/udaRUP
17 error Linux 4.11.6-201.fc25.x86_64
18 error argv "/usr/bin/node" "/usr/bin/npm" "run" "demo"
19 error node v6.10.3
20 error npm  v3.10.10
21 error code ELIFECYCLE
22 error uda-rup@3.1.0 demo: `webpack --config=./demo/webpack.config.js`
22 error Exit status 2
23 error Failed at the uda-rup@3.1.0 demo script 'webpack --config=./demo/webpack.config.js'.
23 error Make sure you have the latest version of node.js and npm installed.
23 error If you do, this is most likely a problem with the uda-rup package,
23 error not with npm itself.
23 error Tell the author that this fails on your system:
23 error     webpack --config=./demo/webpack.config.js
23 error You can get information on how to open an issue for this project with:
23 error     npm bugs uda-rup
23 error Or if that isn't available, you can get their info via:
23 error     npm owner ls uda-rup
23 error There is likely additional logging output above.
24 verbose exit [ 1, true ]
